::1 - - [02/Jan/2017:11:42:18 +0000] "GET / HTTP/1.1" 304 - "-" "Mozilla/5.0 (X11; Linux x86_64) AppleWebKit/537.36 (KHTML, like Gecko) taxi-desktop/1.0.0 Chrome/53.0.2785.143 Electron/1.4.10 Safari/537.36"
::1 - - [02/Jan/2017:11:42:18 +0000] "GET /resource/bootstrap/bootstrap.min.css HTTP/1.1" 304 - "http://localhost:3001/" "Mozilla/5.0 (X11; Linux x86_64) AppleWebKit/537.36 (KHTML, like Gecko) taxi-desktop/1.0.0 Chrome/53.0.2785.143 Electron/1.4.10 Safari/537.36"
::1 - - [02/Jan/2017:11:42:18 +0000] "GET /resource/js/bundle.js HTTP/1.1" 404 34 "http://localhost:3001/" "Mozilla/5.0 (X11; Linux x86_64) AppleWebKit/537.36 (KHTML, like Gecko) taxi-desktop/1.0.0 Chrome/53.0.2785.143 Electron/1.4.10 Safari/537.36"
::1 - - [02/Jan/2017:11:42:18 +0000] "GET /resource/css/bootstrap-datetimepicker.min.css HTTP/1.1" 200 11276 "http://localhost:3001/" "Mozilla/5.0 (X11; Linux x86_64) AppleWebKit/537.36 (KHTML, like Gecko) taxi-desktop/1.0.0 Chrome/53.0.2785.143 Electron/1.4.10 Safari/537.36"
::1 - - [02/Jan/2017:11:42:18 +0000] "GET /resource/css/style.css HTTP/1.1" 200 572 "http://localhost:3001/" "Mozilla/5.0 (X11; Linux x86_64) AppleWebKit/537.36 (KHTML, like Gecko) taxi-desktop/1.0.0 Chrome/53.0.2785.143 Electron/1.4.10 Safari/537.36"
::1 - - [02/Jan/2017:11:42:18 +0000] "GET /resource/js/bootstrap-datetimepicker.min.js HTTP/1.1" 200 38974 "http://localhost:3001/" "Mozilla/5.0 (X11; Linux x86_64) AppleWebKit/537.36 (KHTML, like Gecko) taxi-desktop/1.0.0 Chrome/53.0.2785.143 Electron/1.4.10 Safari/537.36"
::1 - - [02/Jan/2017:11:42:18 +0000] "GET /resource/js/locales/bootstrap-datetimepicker.fr.js HTTP/1.1" 200 733 "http://localhost:3001/" "Mozilla/5.0 (X11; Linux x86_64) AppleWebKit/537.36 (KHTML, like Gecko) taxi-desktop/1.0.0 Chrome/53.0.2785.143 Electron/1.4.10 Safari/537.36"
::1 - - [02/Jan/2017:11:42:26 +0000] "GET / HTTP/1.1" 304 - "-" "Mozilla/5.0 (X11; Linux x86_64) AppleWebKit/537.36 (KHTML, like Gecko) taxi-desktop/1.0.0 Chrome/53.0.2785.143 Electron/1.4.10 Safari/537.36"
::1 - - [02/Jan/2017:11:42:26 +0000] "GET /resource/bootstrap/bootstrap.min.css HTTP/1.1" 304 - "http://localhost:3001/" "Mozilla/5.0 (X11; Linux x86_64) AppleWebKit/537.36 (KHTML, like Gecko) taxi-desktop/1.0.0 Chrome/53.0.2785.143 Electron/1.4.10 Safari/537.36"
::1 - - [02/Jan/2017:11:42:26 +0000] "GET /resource/css/bootstrap-datetimepicker.min.css HTTP/1.1" 304 - "http://localhost:3001/" "Mozilla/5.0 (X11; Linux x86_64) AppleWebKit/537.36 (KHTML, like Gecko) taxi-desktop/1.0.0 Chrome/53.0.2785.143 Electron/1.4.10 Safari/537.36"
::1 - - [02/Jan/2017:11:42:26 +0000] "GET /resource/css/style.css HTTP/1.1" 304 - "http://localhost:3001/" "Mozilla/5.0 (X11; Linux x86_64) AppleWebKit/537.36 (KHTML, like Gecko) taxi-desktop/1.0.0 Chrome/53.0.2785.143 Electron/1.4.10 Safari/537.36"
::1 - - [02/Jan/2017:11:42:26 +0000] "GET /resource/js/bundle.js HTTP/1.1" 404 34 "http://localhost:3001/" "Mozilla/5.0 (X11; Linux x86_64) AppleWebKit/537.36 (KHTML, like Gecko) taxi-desktop/1.0.0 Chrome/53.0.2785.143 Electron/1.4.10 Safari/537.36"
::1 - - [02/Jan/2017:11:42:26 +0000] "GET /resource/js/bootstrap-datetimepicker.min.js HTTP/1.1" 304 - "http://localhost:3001/" "Mozilla/5.0 (X11; Linux x86_64) AppleWebKit/537.36 (KHTML, like Gecko) taxi-desktop/1.0.0 Chrome/53.0.2785.143 Electron/1.4.10 Safari/537.36"
::1 - - [02/Jan/2017:11:42:26 +0000] "GET /resource/js/locales/bootstrap-datetimepicker.fr.js HTTP/1.1" 304 - "http://localhost:3001/" "Mozilla/5.0 (X11; Linux x86_64) AppleWebKit/537.36 (KHTML, like Gecko) taxi-desktop/1.0.0 Chrome/53.0.2785.143 Electron/1.4.10 Safari/537.36"
::1 - - [02/Jan/2017:11:42:38 +0000] "GET /client HTTP/1.1" 304 - "http://localhost:3001/" "Mozilla/5.0 (X11; Linux x86_64) AppleWebKit/537.36 (KHTML, like Gecko) taxi-desktop/1.0.0 Chrome/53.0.2785.143 Electron/1.4.10 Safari/537.36"
::1 - - [02/Jan/2017:11:42:38 +0000] "GET /resource/bootstrap/bootstrap.min.css HTTP/1.1" 304 - "http://localhost:3001/client" "Mozilla/5.0 (X11; Linux x86_64) AppleWebKit/537.36 (KHTML, like Gecko) taxi-desktop/1.0.0 Chrome/53.0.2785.143 Electron/1.4.10 Safari/537.36"
::1 - - [02/Jan/2017:11:42:38 +0000] "GET /resource/css/bootstrap-datetimepicker.min.css HTTP/1.1" 304 - "http://localhost:3001/client" "Mozilla/5.0 (X11; Linux x86_64) AppleWebKit/537.36 (KHTML, like Gecko) taxi-desktop/1.0.0 Chrome/53.0.2785.143 Electron/1.4.10 Safari/537.36"
::1 - - [02/Jan/2017:11:42:38 +0000] "GET /resource/css/style.css HTTP/1.1" 304 - "http://localhost:3001/client" "Mozilla/5.0 (X11; Linux x86_64) AppleWebKit/537.36 (KHTML, like Gecko) taxi-desktop/1.0.0 Chrome/53.0.2785.143 Electron/1.4.10 Safari/537.36"
::1 - - [02/Jan/2017:11:42:38 +0000] "GET /resource/js/bundle.js HTTP/1.1" 404 34 "http://localhost:3001/client" "Mozilla/5.0 (X11; Linux x86_64) AppleWebKit/537.36 (KHTML, like Gecko) taxi-desktop/1.0.0 Chrome/53.0.2785.143 Electron/1.4.10 Safari/537.36"
::1 - - [02/Jan/2017:11:42:38 +0000] "GET /resource/js/bootstrap-datetimepicker.min.js HTTP/1.1" 304 - "http://localhost:3001/client" "Mozilla/5.0 (X11; Linux x86_64) AppleWebKit/537.36 (KHTML, like Gecko) taxi-desktop/1.0.0 Chrome/53.0.2785.143 Electron/1.4.10 Safari/537.36"
::1 - - [02/Jan/2017:11:42:38 +0000] "GET /resource/js/locales/bootstrap-datetimepicker.fr.js HTTP/1.1" 304 - "http://localhost:3001/client" "Mozilla/5.0 (X11; Linux x86_64) AppleWebKit/537.36 (KHTML, like Gecko) taxi-desktop/1.0.0 Chrome/53.0.2785.143 Electron/1.4.10 Safari/537.36"
::1 - - [02/Jan/2017:11:42:38 +0000] "GET /resource/fonts/glyphicons-halflings-regular.woff2 HTTP/1.1" 304 - "http://localhost:3001/resource/bootstrap/bootstrap.min.css" "Mozilla/5.0 (X11; Linux x86_64) AppleWebKit/537.36 (KHTML, like Gecko) taxi-desktop/1.0.0 Chrome/53.0.2785.143 Electron/1.4.10 Safari/537.36"
::1 - - [02/Jan/2017:11:42:40 +0000] "POST /client HTTP/1.1" 404 20 "http://localhost:3001/client" "Mozilla/5.0 (X11; Linux x86_64) AppleWebKit/537.36 (KHTML, like Gecko) taxi-desktop/1.0.0 Chrome/53.0.2785.143 Electron/1.4.10 Safari/537.36"
::1 - - [02/Jan/2017:11:43:51 +0000] "GET / HTTP/1.1" 304 - "-" "Mozilla/5.0 (X11; Linux x86_64) AppleWebKit/537.36 (KHTML, like Gecko) taxi-desktop/1.0.0 Chrome/53.0.2785.143 Electron/1.4.10 Safari/537.36"
::1 - - [02/Jan/2017:11:43:51 +0000] "GET /resource/bootstrap/bootstrap.min.css HTTP/1.1" 304 - "http://localhost:3001/" "Mozilla/5.0 (X11; Linux x86_64) AppleWebKit/537.36 (KHTML, like Gecko) taxi-desktop/1.0.0 Chrome/53.0.2785.143 Electron/1.4.10 Safari/537.36"
::1 - - [02/Jan/2017:11:43:51 +0000] "GET /resource/css/bootstrap-datetimepicker.min.css HTTP/1.1" 304 - "http://localhost:3001/" "Mozilla/5.0 (X11; Linux x86_64) AppleWebKit/537.36 (KHTML, like Gecko) taxi-desktop/1.0.0 Chrome/53.0.2785.143 Electron/1.4.10 Safari/537.36"
::1 - - [02/Jan/2017:11:43:51 +0000] "GET /resource/css/style.css HTTP/1.1" 304 - "http://localhost:3001/" "Mozilla/5.0 (X11; Linux x86_64) AppleWebKit/537.36 (KHTML, like Gecko) taxi-desktop/1.0.0 Chrome/53.0.2785.143 Electron/1.4.10 Safari/537.36"
::1 - - [02/Jan/2017:11:43:51 +0000] "GET /resource/js/bundle.js HTTP/1.1" 404 34 "http://localhost:3001/" "Mozilla/5.0 (X11; Linux x86_64) AppleWebKit/537.36 (KHTML, like Gecko) taxi-desktop/1.0.0 Chrome/53.0.2785.143 Electron/1.4.10 Safari/537.36"
::1 - - [02/Jan/2017:11:43:51 +0000] "GET /resource/js/bootstrap-datetimepicker.min.js HTTP/1.1" 304 - "http://localhost:3001/" "Mozilla/5.0 (X11; Linux x86_64) AppleWebKit/537.36 (KHTML, like Gecko) taxi-desktop/1.0.0 Chrome/53.0.2785.143 Electron/1.4.10 Safari/537.36"
::1 - - [02/Jan/2017:11:43:51 +0000] "GET /resource/js/locales/bootstrap-datetimepicker.fr.js HTTP/1.1" 304 - "http://localhost:3001/" "Mozilla/5.0 (X11; Linux x86_64) AppleWebKit/537.36 (KHTML, like Gecko) taxi-desktop/1.0.0 Chrome/53.0.2785.143 Electron/1.4.10 Safari/537.36"
::1 - - [02/Jan/2017:11:43:55 +0000] "GET /client HTTP/1.1" 304 - "http://localhost:3001/" "Mozilla/5.0 (X11; Linux x86_64) AppleWebKit/537.36 (KHTML, like Gecko) taxi-desktop/1.0.0 Chrome/53.0.2785.143 Electron/1.4.10 Safari/537.36"
::1 - - [02/Jan/2017:11:43:55 +0000] "GET /resource/bootstrap/bootstrap.min.css HTTP/1.1" 304 - "http://localhost:3001/client" "Mozilla/5.0 (X11; Linux x86_64) AppleWebKit/537.36 (KHTML, like Gecko) taxi-desktop/1.0.0 Chrome/53.0.2785.143 Electron/1.4.10 Safari/537.36"
::1 - - [02/Jan/2017:11:43:55 +0000] "GET /resource/css/bootstrap-datetimepicker.min.css HTTP/1.1" 304 - "http://localhost:3001/client" "Mozilla/5.0 (X11; Linux x86_64) AppleWebKit/537.36 (KHTML, like Gecko) taxi-desktop/1.0.0 Chrome/53.0.2785.143 Electron/1.4.10 Safari/537.36"
::1 - - [02/Jan/2017:11:43:55 +0000] "GET /resource/css/style.css HTTP/1.1" 304 - "http://localhost:3001/client" "Mozilla/5.0 (X11; Linux x86_64) AppleWebKit/537.36 (KHTML, like Gecko) taxi-desktop/1.0.0 Chrome/53.0.2785.143 Electron/1.4.10 Safari/537.36"
::1 - - [02/Jan/2017:11:43:55 +0000] "GET /resource/js/bundle.js HTTP/1.1" 404 34 "http://localhost:3001/client" "Mozilla/5.0 (X11; Linux x86_64) AppleWebKit/537.36 (KHTML, like Gecko) taxi-desktop/1.0.0 Chrome/53.0.2785.143 Electron/1.4.10 Safari/537.36"
::1 - - [02/Jan/2017:11:43:55 +0000] "GET /resource/js/bootstrap-datetimepicker.min.js HTTP/1.1" 304 - "http://localhost:3001/client" "Mozilla/5.0 (X11; Linux x86_64) AppleWebKit/537.36 (KHTML, like Gecko) taxi-desktop/1.0.0 Chrome/53.0.2785.143 Electron/1.4.10 Safari/537.36"
::1 - - [02/Jan/2017:11:43:55 +0000] "GET /resource/js/locales/bootstrap-datetimepicker.fr.js HTTP/1.1" 304 - "http://localhost:3001/client" "Mozilla/5.0 (X11; Linux x86_64) AppleWebKit/537.36 (KHTML, like Gecko) taxi-desktop/1.0.0 Chrome/53.0.2785.143 Electron/1.4.10 Safari/537.36"
::1 - - [02/Jan/2017:11:43:55 +0000] "GET /resource/fonts/glyphicons-halflings-regular.woff2 HTTP/1.1" 304 - "http://localhost:3001/resource/bootstrap/bootstrap.min.css" "Mozilla/5.0 (X11; Linux x86_64) AppleWebKit/537.36 (KHTML, like Gecko) taxi-desktop/1.0.0 Chrome/53.0.2785.143 Electron/1.4.10 Safari/537.36"
::1 - - [02/Jan/2017:11:43:57 +0000] "POST /client HTTP/1.1" 404 20 "http://localhost:3001/client" "Mozilla/5.0 (X11; Linux x86_64) AppleWebKit/537.36 (KHTML, like Gecko) taxi-desktop/1.0.0 Chrome/53.0.2785.143 Electron/1.4.10 Safari/537.36"
::1 - - [02/Jan/2017:14:12:00 +0000] "GET / HTTP/1.1" 304 - "-" "Mozilla/5.0 (X11; Linux x86_64) AppleWebKit/537.36 (KHTML, like Gecko) taxi-dermistes-desktop/1.0.0 Chrome/53.0.2785.143 Electron/1.4.10 Safari/537.36"
::1 - - [02/Jan/2017:14:12:00 +0000] "GET /resource/bootstrap/bootstrap.min.css HTTP/1.1" 304 - "http://localhost:3001/" "Mozilla/5.0 (X11; Linux x86_64) AppleWebKit/537.36 (KHTML, like Gecko) taxi-dermistes-desktop/1.0.0 Chrome/53.0.2785.143 Electron/1.4.10 Safari/537.36"
::1 - - [02/Jan/2017:14:12:00 +0000] "GET /resource/js/bundle.js HTTP/1.1" 404 34 "http://localhost:3001/" "Mozilla/5.0 (X11; Linux x86_64) AppleWebKit/537.36 (KHTML, like Gecko) taxi-dermistes-desktop/1.0.0 Chrome/53.0.2785.143 Electron/1.4.10 Safari/537.36"
::1 - - [02/Jan/2017:14:12:00 +0000] "GET /resource/css/bootstrap-datetimepicker.min.css HTTP/1.1" 200 11276 "http://localhost:3001/" "Mozilla/5.0 (X11; Linux x86_64) AppleWebKit/537.36 (KHTML, like Gecko) taxi-dermistes-desktop/1.0.0 Chrome/53.0.2785.143 Electron/1.4.10 Safari/537.36"
::1 - - [02/Jan/2017:14:12:00 +0000] "GET /resource/css/style.css HTTP/1.1" 200 572 "http://localhost:3001/" "Mozilla/5.0 (X11; Linux x86_64) AppleWebKit/537.36 (KHTML, like Gecko) taxi-dermistes-desktop/1.0.0 Chrome/53.0.2785.143 Electron/1.4.10 Safari/537.36"
::1 - - [02/Jan/2017:14:12:00 +0000] "GET /resource/js/bootstrap-datetimepicker.min.js HTTP/1.1" 200 38974 "http://localhost:3001/" "Mozilla/5.0 (X11; Linux x86_64) AppleWebKit/537.36 (KHTML, like Gecko) taxi-dermistes-desktop/1.0.0 Chrome/53.0.2785.143 Electron/1.4.10 Safari/537.36"
::1 - - [02/Jan/2017:14:12:00 +0000] "GET /resource/js/locales/bootstrap-datetimepicker.fr.js HTTP/1.1" 200 733 "http://localhost:3001/" "Mozilla/5.0 (X11; Linux x86_64) AppleWebKit/537.36 (KHTML, like Gecko) taxi-dermistes-desktop/1.0.0 Chrome/53.0.2785.143 Electron/1.4.10 Safari/537.36"
::1 - - [02/Jan/2017:14:12:04 +0000] "GET / HTTP/1.1" 304 - "-" "Mozilla/5.0 (X11; Linux x86_64) AppleWebKit/537.36 (KHTML, like Gecko) taxi-dermistes-desktop/1.0.0 Chrome/53.0.2785.143 Electron/1.4.10 Safari/537.36"
::1 - - [02/Jan/2017:14:12:04 +0000] "GET /resource/bootstrap/bootstrap.min.css HTTP/1.1" 304 - "http://localhost:3001/" "Mozilla/5.0 (X11; Linux x86_64) AppleWebKit/537.36 (KHTML, like Gecko) taxi-dermistes-desktop/1.0.0 Chrome/53.0.2785.143 Electron/1.4.10 Safari/537.36"
::1 - - [02/Jan/2017:14:12:04 +0000] "GET /resource/css/bootstrap-datetimepicker.min.css HTTP/1.1" 304 - "http://localhost:3001/" "Mozilla/5.0 (X11; Linux x86_64) AppleWebKit/537.36 (KHTML, like Gecko) taxi-dermistes-desktop/1.0.0 Chrome/53.0.2785.143 Electron/1.4.10 Safari/537.36"
::1 - - [02/Jan/2017:14:12:04 +0000] "GET /resource/css/style.css HTTP/1.1" 304 - "http://localhost:3001/" "Mozilla/5.0 (X11; Linux x86_64) AppleWebKit/537.36 (KHTML, like Gecko) taxi-dermistes-desktop/1.0.0 Chrome/53.0.2785.143 Electron/1.4.10 Safari/537.36"
::1 - - [02/Jan/2017:14:12:04 +0000] "GET /resource/js/bundle.js HTTP/1.1" 404 34 "http://localhost:3001/" "Mozilla/5.0 (X11; Linux x86_64) AppleWebKit/537.36 (KHTML, like Gecko) taxi-dermistes-desktop/1.0.0 Chrome/53.0.2785.143 Electron/1.4.10 Safari/537.36"
::1 - - [02/Jan/2017:14:12:04 +0000] "GET /resource/js/bootstrap-datetimepicker.min.js HTTP/1.1" 304 - "http://localhost:3001/" "Mozilla/5.0 (X11; Linux x86_64) AppleWebKit/537.36 (KHTML, like Gecko) taxi-dermistes-desktop/1.0.0 Chrome/53.0.2785.143 Electron/1.4.10 Safari/537.36"
::1 - - [02/Jan/2017:14:12:04 +0000] "GET /resource/js/locales/bootstrap-datetimepicker.fr.js HTTP/1.1" 304 - "http://localhost:3001/" "Mozilla/5.0 (X11; Linux x86_64) AppleWebKit/537.36 (KHTML, like Gecko) taxi-dermistes-desktop/1.0.0 Chrome/53.0.2785.143 Electron/1.4.10 Safari/537.36"
::1 - - [02/Jan/2017:14:12:09 +0000] "GET / HTTP/1.1" 304 - "-" "Mozilla/5.0 (X11; Linux x86_64) AppleWebKit/537.36 (KHTML, like Gecko) taxi-dermistes-desktop/1.0.0 Chrome/53.0.2785.143 Electron/1.4.10 Safari/537.36"
::1 - - [02/Jan/2017:14:12:09 +0000] "GET /resource/bootstrap/bootstrap.min.css HTTP/1.1" 304 - "http://localhost:3001/" "Mozilla/5.0 (X11; Linux x86_64) AppleWebKit/537.36 (KHTML, like Gecko) taxi-dermistes-desktop/1.0.0 Chrome/53.0.2785.143 Electron/1.4.10 Safari/537.36"
::1 - - [02/Jan/2017:14:12:09 +0000] "GET /resource/css/bootstrap-datetimepicker.min.css HTTP/1.1" 304 - "http://localhost:3001/" "Mozilla/5.0 (X11; Linux x86_64) AppleWebKit/537.36 (KHTML, like Gecko) taxi-dermistes-desktop/1.0.0 Chrome/53.0.2785.143 Electron/1.4.10 Safari/537.36"
::1 - - [02/Jan/2017:14:12:09 +0000] "GET /resource/css/style.css HTTP/1.1" 304 - "http://localhost:3001/" "Mozilla/5.0 (X11; Linux x86_64) AppleWebKit/537.36 (KHTML, like Gecko) taxi-dermistes-desktop/1.0.0 Chrome/53.0.2785.143 Electron/1.4.10 Safari/537.36"
::1 - - [02/Jan/2017:14:12:09 +0000] "GET /resource/js/bundle.js HTTP/1.1" 404 34 "http://localhost:3001/" "Mozilla/5.0 (X11; Linux x86_64) AppleWebKit/537.36 (KHTML, like Gecko) taxi-dermistes-desktop/1.0.0 Chrome/53.0.2785.143 Electron/1.4.10 Safari/537.36"
::1 - - [02/Jan/2017:14:12:09 +0000] "GET /resource/js/bootstrap-datetimepicker.min.js HTTP/1.1" 304 - "http://localhost:3001/" "Mozilla/5.0 (X11; Linux x86_64) AppleWebKit/537.36 (KHTML, like Gecko) taxi-dermistes-desktop/1.0.0 Chrome/53.0.2785.143 Electron/1.4.10 Safari/537.36"
::1 - - [02/Jan/2017:14:12:09 +0000] "GET /resource/js/locales/bootstrap-datetimepicker.fr.js HTTP/1.1" 304 - "http://localhost:3001/" "Mozilla/5.0 (X11; Linux x86_64) AppleWebKit/537.36 (KHTML, like Gecko) taxi-dermistes-desktop/1.0.0 Chrome/53.0.2785.143 Electron/1.4.10 Safari/537.36"
::1 - - [02/Jan/2017:14:12:54 +0000] "GET / HTTP/1.1" 304 - "-" "Mozilla/5.0 (X11; Linux x86_64) AppleWebKit/537.36 (KHTML, like Gecko) taxi-dermistes-desktop/1.0.0 Chrome/53.0.2785.143 Electron/1.4.10 Safari/537.36"
::1 - - [02/Jan/2017:14:12:54 +0000] "GET /resource/bootstrap/bootstrap.min.css HTTP/1.1" 304 - "http://localhost:3001/" "Mozilla/5.0 (X11; Linux x86_64) AppleWebKit/537.36 (KHTML, like Gecko) taxi-dermistes-desktop/1.0.0 Chrome/53.0.2785.143 Electron/1.4.10 Safari/537.36"
::1 - - [02/Jan/2017:14:12:54 +0000] "GET /resource/css/bootstrap-datetimepicker.min.css HTTP/1.1" 304 - "http://localhost:3001/" "Mozilla/5.0 (X11; Linux x86_64) AppleWebKit/537.36 (KHTML, like Gecko) taxi-dermistes-desktop/1.0.0 Chrome/53.0.2785.143 Electron/1.4.10 Safari/537.36"
::1 - - [02/Jan/2017:14:12:54 +0000] "GET /resource/css/style.css HTTP/1.1" 304 - "http://localhost:3001/" "Mozilla/5.0 (X11; Linux x86_64) AppleWebKit/537.36 (KHTML, like Gecko) taxi-dermistes-desktop/1.0.0 Chrome/53.0.2785.143 Electron/1.4.10 Safari/537.36"
::1 - - [02/Jan/2017:14:12:54 +0000] "GET /resource/js/bundle.js HTTP/1.1" 404 34 "http://localhost:3001/" "Mozilla/5.0 (X11; Linux x86_64) AppleWebKit/537.36 (KHTML, like Gecko) taxi-dermistes-desktop/1.0.0 Chrome/53.0.2785.143 Electron/1.4.10 Safari/537.36"
::1 - - [02/Jan/2017:14:12:54 +0000] "GET /resource/js/bootstrap-datetimepicker.min.js HTTP/1.1" 304 - "http://localhost:3001/" "Mozilla/5.0 (X11; Linux x86_64) AppleWebKit/537.36 (KHTML, like Gecko) taxi-dermistes-desktop/1.0.0 Chrome/53.0.2785.143 Electron/1.4.10 Safari/537.36"
::1 - - [02/Jan/2017:14:12:54 +0000] "GET /resource/js/locales/bootstrap-datetimepicker.fr.js HTTP/1.1" 304 - "http://localhost:3001/" "Mozilla/5.0 (X11; Linux x86_64) AppleWebKit/537.36 (KHTML, like Gecko) taxi-dermistes-desktop/1.0.0 Chrome/53.0.2785.143 Electron/1.4.10 Safari/537.36"
::1 - - [02/Jan/2017:14:13:43 +0000] "GET / HTTP/1.1" 304 - "-" "Mozilla/5.0 (X11; Linux x86_64) AppleWebKit/537.36 (KHTML, like Gecko) taxi-dermistes-desktop/1.0.0 Chrome/53.0.2785.143 Electron/1.4.10 Safari/537.36"
::1 - - [02/Jan/2017:14:13:43 +0000] "GET /resource/bootstrap/bootstrap.min.css HTTP/1.1" 304 - "http://localhost:3001/" "Mozilla/5.0 (X11; Linux x86_64) AppleWebKit/537.36 (KHTML, like Gecko) taxi-dermistes-desktop/1.0.0 Chrome/53.0.2785.143 Electron/1.4.10 Safari/537.36"
::1 - - [02/Jan/2017:14:13:43 +0000] "GET /resource/css/bootstrap-datetimepicker.min.css HTTP/1.1" 304 - "http://localhost:3001/" "Mozilla/5.0 (X11; Linux x86_64) AppleWebKit/537.36 (KHTML, like Gecko) taxi-dermistes-desktop/1.0.0 Chrome/53.0.2785.143 Electron/1.4.10 Safari/537.36"
::1 - - [02/Jan/2017:14:13:43 +0000] "GET /resource/css/style.css HTTP/1.1" 304 - "http://localhost:3001/" "Mozilla/5.0 (X11; Linux x86_64) AppleWebKit/537.36 (KHTML, like Gecko) taxi-dermistes-desktop/1.0.0 Chrome/53.0.2785.143 Electron/1.4.10 Safari/537.36"
::1 - - [02/Jan/2017:14:13:43 +0000] "GET /resource/js/bootstrap-datetimepicker.min.js HTTP/1.1" 304 - "http://localhost:3001/" "Mozilla/5.0 (X11; Linux x86_64) AppleWebKit/537.36 (KHTML, like Gecko) taxi-dermistes-desktop/1.0.0 Chrome/53.0.2785.143 Electron/1.4.10 Safari/537.36"
::1 - - [02/Jan/2017:14:13:43 +0000] "GET /resource/js/locales/bootstrap-datetimepicker.fr.js HTTP/1.1" 304 - "http://localhost:3001/" "Mozilla/5.0 (X11; Linux x86_64) AppleWebKit/537.36 (KHTML, like Gecko) taxi-dermistes-desktop/1.0.0 Chrome/53.0.2785.143 Electron/1.4.10 Safari/537.36"
::1 - - [02/Jan/2017:14:13:43 +0000] "GET /resource/js/bundle.js HTTP/1.1" 404 34 "http://localhost:3001/" "Mozilla/5.0 (X11; Linux x86_64) AppleWebKit/537.36 (KHTML, like Gecko) taxi-dermistes-desktop/1.0.0 Chrome/53.0.2785.143 Electron/1.4.10 Safari/537.36"
::1 - - [02/Jan/2017:14:13:50 +0000] "GET / HTTP/1.1" 304 - "-" "Mozilla/5.0 (X11; Linux x86_64) AppleWebKit/537.36 (KHTML, like Gecko) taxi-dermistes-desktop/1.0.0 Chrome/53.0.2785.143 Electron/1.4.10 Safari/537.36"
::1 - - [02/Jan/2017:14:13:51 +0000] "GET /resource/bootstrap/bootstrap.min.css HTTP/1.1" 304 - "http://localhost:3001/" "Mozilla/5.0 (X11; Linux x86_64) AppleWebKit/537.36 (KHTML, like Gecko) taxi-dermistes-desktop/1.0.0 Chrome/53.0.2785.143 Electron/1.4.10 Safari/537.36"
::1 - - [02/Jan/2017:14:13:51 +0000] "GET /resource/css/style.css HTTP/1.1" 304 - "http://localhost:3001/" "Mozilla/5.0 (X11; Linux x86_64) AppleWebKit/537.36 (KHTML, like Gecko) taxi-dermistes-desktop/1.0.0 Chrome/53.0.2785.143 Electron/1.4.10 Safari/537.36"
::1 - - [02/Jan/2017:14:13:51 +0000] "GET /resource/js/bundle.js HTTP/1.1" 404 34 "http://localhost:3001/" "Mozilla/5.0 (X11; Linux x86_64) AppleWebKit/537.36 (KHTML, like Gecko) taxi-dermistes-desktop/1.0.0 Chrome/53.0.2785.143 Electron/1.4.10 Safari/537.36"
::1 - - [02/Jan/2017:14:13:51 +0000] "GET /resource/js/bootstrap-datetimepicker.min.js HTTP/1.1" 304 - "http://localhost:3001/" "Mozilla/5.0 (X11; Linux x86_64) AppleWebKit/537.36 (KHTML, like Gecko) taxi-dermistes-desktop/1.0.0 Chrome/53.0.2785.143 Electron/1.4.10 Safari/537.36"
::1 - - [02/Jan/2017:14:13:51 +0000] "GET /resource/js/locales/bootstrap-datetimepicker.fr.js HTTP/1.1" 304 - "http://localhost:3001/" "Mozilla/5.0 (X11; Linux x86_64) AppleWebKit/537.36 (KHTML, like Gecko) taxi-dermistes-desktop/1.0.0 Chrome/53.0.2785.143 Electron/1.4.10 Safari/537.36"
::1 - - [02/Jan/2017:14:13:51 +0000] "GET /resource/css/bootstrap-datetimepicker.min.css HTTP/1.1" 304 - "http://localhost:3001/" "Mozilla/5.0 (X11; Linux x86_64) AppleWebKit/537.36 (KHTML, like Gecko) taxi-dermistes-desktop/1.0.0 Chrome/53.0.2785.143 Electron/1.4.10 Safari/537.36"
::1 - - [02/Jan/2017:14:13:56 +0000] "GET / HTTP/1.1" 304 - "-" "Mozilla/5.0 (X11; Linux x86_64) AppleWebKit/537.36 (KHTML, like Gecko) taxi-dermistes-desktop/1.0.0 Chrome/53.0.2785.143 Electron/1.4.10 Safari/537.36"
::1 - - [02/Jan/2017:14:13:56 +0000] "GET /resource/bootstrap/bootstrap.min.css HTTP/1.1" 304 - "http://localhost:3001/" "Mozilla/5.0 (X11; Linux x86_64) AppleWebKit/537.36 (KHTML, like Gecko) taxi-dermistes-desktop/1.0.0 Chrome/53.0.2785.143 Electron/1.4.10 Safari/537.36"
::1 - - [02/Jan/2017:14:13:56 +0000] "GET /resource/css/bootstrap-datetimepicker.min.css HTTP/1.1" 304 - "http://localhost:3001/" "Mozilla/5.0 (X11; Linux x86_64) AppleWebKit/537.36 (KHTML, like Gecko) taxi-dermistes-desktop/1.0.0 Chrome/53.0.2785.143 Electron/1.4.10 Safari/537.36"
::1 - - [02/Jan/2017:14:13:56 +0000] "GET /resource/css/style.css HTTP/1.1" 304 - "http://localhost:3001/" "Mozilla/5.0 (X11; Linux x86_64) AppleWebKit/537.36 (KHTML, like Gecko) taxi-dermistes-desktop/1.0.0 Chrome/53.0.2785.143 Electron/1.4.10 Safari/537.36"
::1 - - [02/Jan/2017:14:13:56 +0000] "GET /resource/js/bundle.js HTTP/1.1" 404 34 "http://localhost:3001/" "Mozilla/5.0 (X11; Linux x86_64) AppleWebKit/537.36 (KHTML, like Gecko) taxi-dermistes-desktop/1.0.0 Chrome/53.0.2785.143 Electron/1.4.10 Safari/537.36"
::1 - - [02/Jan/2017:14:13:56 +0000] "GET /resource/js/bootstrap-datetimepicker.min.js HTTP/1.1" 304 - "http://localhost:3001/" "Mozilla/5.0 (X11; Linux x86_64) AppleWebKit/537.36 (KHTML, like Gecko) taxi-dermistes-desktop/1.0.0 Chrome/53.0.2785.143 Electron/1.4.10 Safari/537.36"
::1 - - [02/Jan/2017:14:13:56 +0000] "GET /resource/js/locales/bootstrap-datetimepicker.fr.js HTTP/1.1" 304 - "http://localhost:3001/" "Mozilla/5.0 (X11; Linux x86_64) AppleWebKit/537.36 (KHTML, like Gecko) taxi-dermistes-desktop/1.0.0 Chrome/53.0.2785.143 Electron/1.4.10 Safari/537.36"
::1 - - [02/Jan/2017:14:14:01 +0000] "GET / HTTP/1.1" 304 - "-" "Mozilla/5.0 (X11; Linux x86_64) AppleWebKit/537.36 (KHTML, like Gecko) taxi-dermistes-desktop/1.0.0 Chrome/53.0.2785.143 Electron/1.4.10 Safari/537.36"
::1 - - [02/Jan/2017:14:14:01 +0000] "GET /resource/bootstrap/bootstrap.min.css HTTP/1.1" 304 - "http://localhost:3001/" "Mozilla/5.0 (X11; Linux x86_64) AppleWebKit/537.36 (KHTML, like Gecko) taxi-dermistes-desktop/1.0.0 Chrome/53.0.2785.143 Electron/1.4.10 Safari/537.36"
::1 - - [02/Jan/2017:14:14:01 +0000] "GET /resource/css/bootstrap-datetimepicker.min.css HTTP/1.1" 304 - "http://localhost:3001/" "Mozilla/5.0 (X11; Linux x86_64) AppleWebKit/537.36 (KHTML, like Gecko) taxi-dermistes-desktop/1.0.0 Chrome/53.0.2785.143 Electron/1.4.10 Safari/537.36"
::1 - - [02/Jan/2017:14:14:01 +0000] "GET /resource/css/style.css HTTP/1.1" 304 - "http://localhost:3001/" "Mozilla/5.0 (X11; Linux x86_64) AppleWebKit/537.36 (KHTML, like Gecko) taxi-dermistes-desktop/1.0.0 Chrome/53.0.2785.143 Electron/1.4.10 Safari/537.36"
::1 - - [02/Jan/2017:14:14:01 +0000] "GET /resource/js/bundle.js HTTP/1.1" 404 34 "http://localhost:3001/" "Mozilla/5.0 (X11; Linux x86_64) AppleWebKit/537.36 (KHTML, like Gecko) taxi-dermistes-desktop/1.0.0 Chrome/53.0.2785.143 Electron/1.4.10 Safari/537.36"
::1 - - [02/Jan/2017:14:14:01 +0000] "GET /resource/js/bootstrap-datetimepicker.min.js HTTP/1.1" 304 - "http://localhost:3001/" "Mozilla/5.0 (X11; Linux x86_64) AppleWebKit/537.36 (KHTML, like Gecko) taxi-dermistes-desktop/1.0.0 Chrome/53.0.2785.143 Electron/1.4.10 Safari/537.36"
::1 - - [02/Jan/2017:14:14:01 +0000] "GET /resource/js/locales/bootstrap-datetimepicker.fr.js HTTP/1.1" 304 - "http://localhost:3001/" "Mozilla/5.0 (X11; Linux x86_64) AppleWebKit/537.36 (KHTML, like Gecko) taxi-dermistes-desktop/1.0.0 Chrome/53.0.2785.143 Electron/1.4.10 Safari/537.36"
