::1 - - [23/Oct/2016:15:14:13 +0000] "GET / HTTP/1.1" 200 856 "-" "Mozilla/5.0 (X11; Linux x86_64; rv:45.0) Gecko/20100101 Firefox/45.0"
::1 - - [23/Oct/2016:15:14:13 +0000] "GET /js/bundle.js HTTP/1.1" 200 348586 "http://localhost:3001/" "Mozilla/5.0 (X11; Linux x86_64; rv:45.0) Gecko/20100101 Firefox/45.0"
::1 - - [23/Oct/2016:15:14:13 +0000] "GET /favicon.ico HTTP/1.1" 404 24 "-" "Mozilla/5.0 (X11; Linux x86_64; rv:45.0) Gecko/20100101 Firefox/45.0"
::1 - - [23/Oct/2016:15:14:13 +0000] "GET /favicon.ico HTTP/1.1" 404 24 "-" "Mozilla/5.0 (X11; Linux x86_64; rv:45.0) Gecko/20100101 Firefox/45.0"
::1 - - [23/Oct/2016:15:14:18 +0000] "GET /api/clients/1 HTTP/1.1" 200 70 "http://localhost:3001/" "Mozilla/5.0 (X11; Linux x86_64; rv:45.0) Gecko/20100101 Firefox/45.0"
::1 - - [23/Oct/2016:15:14:40 +0000] "POST /api/clients HTTP/1.1" 201 20 "http://localhost:3001/" "Mozilla/5.0 (X11; Linux x86_64; rv:45.0) Gecko/20100101 Firefox/45.0"
::1 - - [23/Oct/2016:15:14:47 +0000] "GET /api/clients/NaN HTTP/1.1" 404 50 "http://localhost:3001/" "Mozilla/5.0 (X11; Linux x86_64; rv:45.0) Gecko/20100101 Firefox/45.0"
::1 - - [23/Oct/2016:15:14:50 +0000] "GET /api/clients/NaN HTTP/1.1" 404 50 "http://localhost:3001/" "Mozilla/5.0 (X11; Linux x86_64; rv:45.0) Gecko/20100101 Firefox/45.0"
::1 - - [23/Oct/2016:15:14:54 +0000] "GET /api/clients/4 HTTP/1.1" 200 66 "http://localhost:3001/" "Mozilla/5.0 (X11; Linux x86_64; rv:45.0) Gecko/20100101 Firefox/45.0"
::1 - - [02/Nov/2016:12:21:51 +0000] "GET / HTTP/1.1" 200 328 "-" "Mozilla/5.0 (X11; Linux x86_64; rv:38.0) Gecko/20100101 Firefox/38.0 Iceweasel/38.4.0"
::1 - - [02/Nov/2016:12:21:51 +0000] "GET /css/style.css HTTP/1.1" 200 263 "http://localhost:3001/" "Mozilla/5.0 (X11; Linux x86_64; rv:38.0) Gecko/20100101 Firefox/38.0 Iceweasel/38.4.0"
::1 - - [02/Nov/2016:12:21:51 +0000] "GET /js/bundle.js HTTP/1.1" 200 351288 "http://localhost:3001/" "Mozilla/5.0 (X11; Linux x86_64; rv:38.0) Gecko/20100101 Firefox/38.0 Iceweasel/38.4.0"
::1 - - [02/Nov/2016:12:21:51 +0000] "GET /favicon.ico HTTP/1.1" 404 24 "-" "Mozilla/5.0 (X11; Linux x86_64; rv:38.0) Gecko/20100101 Firefox/38.0 Iceweasel/38.4.0"
::1 - - [02/Nov/2016:12:21:51 +0000] "GET /favicon.ico HTTP/1.1" 404 24 "-" "Mozilla/5.0 (X11; Linux x86_64; rv:38.0) Gecko/20100101 Firefox/38.0 Iceweasel/38.4.0"
::1 - - [02/Nov/2016:12:21:55 +0000] "GET /admin HTTP/1.1" 301 45 "-" "Mozilla/5.0 (X11; Linux x86_64; rv:38.0) Gecko/20100101 Firefox/38.0 Iceweasel/38.4.0"
::1 - - [02/Nov/2016:12:21:55 +0000] "GET /admin/ HTTP/1.1" 200 355 "-" "Mozilla/5.0 (X11; Linux x86_64; rv:38.0) Gecko/20100101 Firefox/38.0 Iceweasel/38.4.0"
::1 - - [02/Nov/2016:12:21:55 +0000] "GET /css/style.css HTTP/1.1" 304 - "http://localhost:3001/admin/" "Mozilla/5.0 (X11; Linux x86_64; rv:38.0) Gecko/20100101 Firefox/38.0 Iceweasel/38.4.0"
::1 - - [02/Nov/2016:12:21:55 +0000] "GET /js/bundle.js HTTP/1.1" 304 - "http://localhost:3001/admin/" "Mozilla/5.0 (X11; Linux x86_64; rv:38.0) Gecko/20100101 Firefox/38.0 Iceweasel/38.4.0"
::1 - - [02/Nov/2016:12:21:56 +0000] "GET /admin/clients HTTP/1.1" 200 2055 "http://localhost:3001/admin/" "Mozilla/5.0 (X11; Linux x86_64; rv:38.0) Gecko/20100101 Firefox/38.0 Iceweasel/38.4.0"
::1 - - [02/Nov/2016:12:21:56 +0000] "GET /css/style.css HTTP/1.1" 304 - "http://localhost:3001/admin/clients" "Mozilla/5.0 (X11; Linux x86_64; rv:38.0) Gecko/20100101 Firefox/38.0 Iceweasel/38.4.0"
::1 - - [02/Nov/2016:12:21:56 +0000] "GET /js/bundle.js HTTP/1.1" 304 - "http://localhost:3001/admin/clients" "Mozilla/5.0 (X11; Linux x86_64; rv:38.0) Gecko/20100101 Firefox/38.0 Iceweasel/38.4.0"
::1 - - [02/Nov/2016:12:21:58 +0000] "GET /api/clients/ HTTP/1.1" 200 566 "http://localhost:3001/admin/clients" "Mozilla/5.0 (X11; Linux x86_64; rv:38.0) Gecko/20100101 Firefox/38.0 Iceweasel/38.4.0"
::1 - - [02/Nov/2016:12:22:20 +0000] "GET /admin/clients HTTP/1.1" 200 2055 "http://localhost:3001/admin/" "Mozilla/5.0 (X11; Linux x86_64; rv:38.0) Gecko/20100101 Firefox/38.0 Iceweasel/38.4.0"
::1 - - [02/Nov/2016:12:22:20 +0000] "GET /css/style.css HTTP/1.1" 200 263 "http://localhost:3001/admin/clients" "Mozilla/5.0 (X11; Linux x86_64; rv:38.0) Gecko/20100101 Firefox/38.0 Iceweasel/38.4.0"
::1 - - [02/Nov/2016:12:22:20 +0000] "GET /js/bundle.js HTTP/1.1" 200 351911 "http://localhost:3001/admin/clients" "Mozilla/5.0 (X11; Linux x86_64; rv:38.0) Gecko/20100101 Firefox/38.0 Iceweasel/38.4.0"
::1 - - [02/Nov/2016:12:22:34 +0000] "GET / HTTP/1.1" 304 - "-" "Mozilla/5.0 (X11; Linux x86_64; rv:38.0) Gecko/20100101 Firefox/38.0 Iceweasel/38.4.0"
::1 - - [02/Nov/2016:12:22:34 +0000] "GET /css/style.css HTTP/1.1" 304 - "http://localhost:3001/" "Mozilla/5.0 (X11; Linux x86_64; rv:38.0) Gecko/20100101 Firefox/38.0 Iceweasel/38.4.0"
::1 - - [02/Nov/2016:12:22:34 +0000] "GET /js/bundle.js HTTP/1.1" 304 - "http://localhost:3001/" "Mozilla/5.0 (X11; Linux x86_64; rv:38.0) Gecko/20100101 Firefox/38.0 Iceweasel/38.4.0"
::1 - - [02/Nov/2016:12:22:38 +0000] "GET /admin/ HTTP/1.1" 304 - "-" "Mozilla/5.0 (X11; Linux x86_64; rv:38.0) Gecko/20100101 Firefox/38.0 Iceweasel/38.4.0"
::1 - - [02/Nov/2016:12:22:38 +0000] "GET /css/style.css HTTP/1.1" 304 - "http://localhost:3001/admin/" "Mozilla/5.0 (X11; Linux x86_64; rv:38.0) Gecko/20100101 Firefox/38.0 Iceweasel/38.4.0"
::1 - - [02/Nov/2016:12:22:38 +0000] "GET /js/bundle.js HTTP/1.1" 304 - "http://localhost:3001/admin/" "Mozilla/5.0 (X11; Linux x86_64; rv:38.0) Gecko/20100101 Firefox/38.0 Iceweasel/38.4.0"
::1 - - [02/Nov/2016:12:22:39 +0000] "GET /admin/clients HTTP/1.1" 304 - "http://localhost:3001/admin/" "Mozilla/5.0 (X11; Linux x86_64; rv:38.0) Gecko/20100101 Firefox/38.0 Iceweasel/38.4.0"
::1 - - [02/Nov/2016:12:22:39 +0000] "GET /css/style.css HTTP/1.1" 304 - "http://localhost:3001/admin/clients" "Mozilla/5.0 (X11; Linux x86_64; rv:38.0) Gecko/20100101 Firefox/38.0 Iceweasel/38.4.0"
::1 - - [02/Nov/2016:12:22:39 +0000] "GET /js/bundle.js HTTP/1.1" 304 - "http://localhost:3001/admin/clients" "Mozilla/5.0 (X11; Linux x86_64; rv:38.0) Gecko/20100101 Firefox/38.0 Iceweasel/38.4.0"
::1 - - [02/Nov/2016:12:22:40 +0000] "GET /api/clients/ HTTP/1.1" 304 - "http://localhost:3001/admin/clients" "Mozilla/5.0 (X11; Linux x86_64; rv:38.0) Gecko/20100101 Firefox/38.0 Iceweasel/38.4.0"
::1 - - [02/Nov/2016:12:22:52 +0000] "GET /api/clients/1 HTTP/1.1" 200 70 "http://localhost:3001/admin/clients" "Mozilla/5.0 (X11; Linux x86_64; rv:38.0) Gecko/20100101 Firefox/38.0 Iceweasel/38.4.0"
::1 - - [02/Nov/2016:12:38:55 +0000] "GET /admin/clients HTTP/1.1" 200 2055 "http://localhost:3001/admin/" "Mozilla/5.0 (X11; Linux x86_64; rv:38.0) Gecko/20100101 Firefox/38.0 Iceweasel/38.4.0"
::1 - - [02/Nov/2016:12:38:55 +0000] "GET /css/style.css HTTP/1.1" 200 263 "http://localhost:3001/admin/clients" "Mozilla/5.0 (X11; Linux x86_64; rv:38.0) Gecko/20100101 Firefox/38.0 Iceweasel/38.4.0"
::1 - - [02/Nov/2016:12:38:55 +0000] "GET /js/bundle.js HTTP/1.1" 200 351911 "http://localhost:3001/admin/clients" "Mozilla/5.0 (X11; Linux x86_64; rv:38.0) Gecko/20100101 Firefox/38.0 Iceweasel/38.4.0"
::1 - - [02/Nov/2016:12:38:57 +0000] "GET /admin/clients HTTP/1.1" 200 2055 "http://localhost:3001/admin/" "Mozilla/5.0 (X11; Linux x86_64; rv:38.0) Gecko/20100101 Firefox/38.0 Iceweasel/38.4.0"
::1 - - [02/Nov/2016:12:38:57 +0000] "GET /css/style.css HTTP/1.1" 200 263 "http://localhost:3001/admin/clients" "Mozilla/5.0 (X11; Linux x86_64; rv:38.0) Gecko/20100101 Firefox/38.0 Iceweasel/38.4.0"
::1 - - [02/Nov/2016:12:38:57 +0000] "GET /js/bundle.js HTTP/1.1" 200 351911 "http://localhost:3001/admin/clients" "Mozilla/5.0 (X11; Linux x86_64; rv:38.0) Gecko/20100101 Firefox/38.0 Iceweasel/38.4.0"
::1 - - [02/Nov/2016:12:38:58 +0000] "GET /api/clients/ HTTP/1.1" 304 - "http://localhost:3001/admin/clients" "Mozilla/5.0 (X11; Linux x86_64; rv:38.0) Gecko/20100101 Firefox/38.0 Iceweasel/38.4.0"
::1 - - [02/Nov/2016:12:38:59 +0000] "GET /api/clients/ HTTP/1.1" 304 - "http://localhost:3001/admin/clients" "Mozilla/5.0 (X11; Linux x86_64; rv:38.0) Gecko/20100101 Firefox/38.0 Iceweasel/38.4.0"
::1 - - [02/Nov/2016:12:38:59 +0000] "GET /api/clients/ HTTP/1.1" 304 - "http://localhost:3001/admin/clients" "Mozilla/5.0 (X11; Linux x86_64; rv:38.0) Gecko/20100101 Firefox/38.0 Iceweasel/38.4.0"
