0 info it worked if it ends with ok
1 verbose cli [ '/export/home/users/master/master2/m2pls2017/11102638/.nvm/versions/node/v4.5.0/bin/node',
1 verbose cli   '/export/home/users/master/master2/m2pls2017/11102638/.nvm/versions/node/v4.5.0/bin/npm',
1 verbose cli   'run',
1 verbose cli   'build' ]
2 info using npm@3.10.8
3 info using node@v4.5.0
4 verbose run-script [ 'prebuild', 'build', 'postbuild' ]
5 info lifecycle taxi-dermistes-web@1.0.0~prebuild: taxi-dermistes-web@1.0.0
6 silly lifecycle taxi-dermistes-web@1.0.0~prebuild: no script for prebuild, continuing
7 info lifecycle taxi-dermistes-web@1.0.0~build: taxi-dermistes-web@1.0.0
8 verbose lifecycle taxi-dermistes-web@1.0.0~build: unsafe-perm in lifecycle true
9 verbose lifecycle taxi-dermistes-web@1.0.0~build: PATH: /export/home/users/master/master2/m2pls2017/11102638/.nvm/versions/node/v4.5.0/lib/node_modules/npm/bin/node-gyp-bin:/export/home/users/master/master2/m2pls2017/11102638/JSAU/taxi-dermistes-web/node_modules/.bin:/export/home/users/master/master2/m2pls2017/11102638/.nvm/versions/node/v4.5.0/bin:/usr/lib/jvm/java-8-oracle/bin:/LOCAL/netbeans/bin:/LOCAL/eclipse/jee-mars:/LOCAL/eclipse/jee-mars:/usr/local/bin:/usr/bin:/bin:/usr/local/games:/usr/games:/usr/lib/jvm/java-8-oracle/bin:/usr/lib/jvm/java-8-oracle/db/bin:/usr/lib/jvm/java-8-oracle/jre/bin:/LOCAL/matlab/bin:/LOCAL/oracle/product/12.1.0/client_1/bin:/LOCAL/oracle/product/12.1.0/client_1/sqldevelopper:.:/export/home/users/master/master2/m2pls2017/11102638/bin
10 verbose lifecycle taxi-dermistes-web@1.0.0~build: CWD: /export/home/users/master/master2/m2pls2017/11102638/JSAU/taxi-dermistes-web
11 silly lifecycle taxi-dermistes-web@1.0.0~build: Args: [ '-c', 'npm run build:js' ]
12 silly lifecycle taxi-dermistes-web@1.0.0~build: Returned: code: 1  signal: null
13 info lifecycle taxi-dermistes-web@1.0.0~build: Failed to exec build script
14 verbose stack Error: taxi-dermistes-web@1.0.0 build: `npm run build:js`
14 verbose stack Exit status 1
14 verbose stack     at EventEmitter.<anonymous> (/export/home/users/master/master2/m2pls2017/11102638/.nvm/versions/node/v4.5.0/lib/node_modules/npm/lib/utils/lifecycle.js:255:16)
14 verbose stack     at emitTwo (events.js:87:13)
14 verbose stack     at EventEmitter.emit (events.js:172:7)
14 verbose stack     at ChildProcess.<anonymous> (/export/home/users/master/master2/m2pls2017/11102638/.nvm/versions/node/v4.5.0/lib/node_modules/npm/lib/utils/spawn.js:40:14)
14 verbose stack     at emitTwo (events.js:87:13)
14 verbose stack     at ChildProcess.emit (events.js:172:7)
14 verbose stack     at maybeClose (internal/child_process.js:829:16)
14 verbose stack     at Process.ChildProcess._handle.onexit (internal/child_process.js:211:5)
15 verbose pkgid taxi-dermistes-web@1.0.0
16 verbose cwd /export/home/users/master/master2/m2pls2017/11102638/JSAU/taxi-dermistes-web/resource
17 error Linux 3.16.0-4-amd64
18 error argv "/export/home/users/master/master2/m2pls2017/11102638/.nvm/versions/node/v4.5.0/bin/node" "/export/home/users/master/master2/m2pls2017/11102638/.nvm/versions/node/v4.5.0/bin/npm" "run" "build"
19 error node v4.5.0
20 error npm  v3.10.8
21 error code ELIFECYCLE
22 error taxi-dermistes-web@1.0.0 build: `npm run build:js`
22 error Exit status 1
23 error Failed at the taxi-dermistes-web@1.0.0 build script 'npm run build:js'.
23 error Make sure you have the latest version of node.js and npm installed.
23 error If you do, this is most likely a problem with the taxi-dermistes-web package,
23 error not with npm itself.
23 error Tell the author that this fails on your system:
23 error     npm run build:js
23 error You can get information on how to open an issue for this project with:
23 error     npm bugs taxi-dermistes-web
23 error Or if that isn't available, you can get their info via:
23 error     npm owner ls taxi-dermistes-web
23 error There is likely additional logging output above.
24 verbose exit [ 1, true ]
